<?xml version="1.0" encoding="UTF-8"?>
<!-- Generated by org.testng.reporters.JUnitReportReporter -->
<testsuite skipped="0" hostname="DESKTOP-NFATJD6" name="test.LoginPageTest" tests="2" failures="0" timestamp="05 Mar 2022 15:02:25 GMT" time="10.231" errors="0">
  <testcase name="loginTest" time="5.459" classname="test.LoginPageTest"/>
  <testcase name="pageTitleTest" time="4.772" classname="test.LoginPageTest"/>
</testsuite> <!-- test.LoginPageTest -->
